mode: set
github.com/go-filesystems/uefi/filesystem.go:36.55,38.16 2 1
github.com/go-filesystems/uefi/filesystem.go:38.16,40.3 1 1
github.com/go-filesystems/uefi/filesystem.go:41.2,43.17 3 1
github.com/go-filesystems/uefi/filesystem.go:48.74,55.2 1 1
github.com/go-filesystems/uefi/filesystem.go:58.47,60.2 1 1
github.com/go-filesystems/uefi/filesystem.go:64.69,65.31 1 1
github.com/go-filesystems/uefi/filesystem.go:65.31,67.3 1 1
github.com/go-filesystems/uefi/filesystem.go:68.2,70.25 3 1
github.com/go-filesystems/uefi/filesystem.go:70.25,72.3 1 1
github.com/go-filesystems/uefi/filesystem.go:73.2,73.21 1 1
github.com/go-filesystems/uefi/filesystem.go:77.60,79.16 2 1
github.com/go-filesystems/uefi/filesystem.go:79.16,81.3 1 1
github.com/go-filesystems/uefi/filesystem.go:82.2,82.63 1 1
github.com/go-filesystems/uefi/filesystem.go:86.52,88.2 1 1
github.com/go-filesystems/uefi/filesystem.go:91.54,93.2 1 1
github.com/go-filesystems/uefi/filesystem.go:96.43,98.2 1 1
github.com/go-filesystems/uefi/filesystem.go:104.55,106.16 2 1
github.com/go-filesystems/uefi/filesystem.go:106.16,108.3 1 1
github.com/go-filesystems/uefi/filesystem.go:109.2,110.33 2 1
github.com/go-filesystems/uefi/filesystem.go:110.33,112.3 1 1
github.com/go-filesystems/uefi/filesystem.go:115.2,116.12 2 1
github.com/go-filesystems/uefi/secureboot.go:56.67,67.2 10 1
github.com/go-filesystems/uefi/secureboot.go:84.75,94.4 2 1
github.com/go-filesystems/uefi/secureboot.go:94.4,95.64 1 1
github.com/go-filesystems/uefi/secureboot.go:95.64,97.4 1 1
github.com/go-filesystems/uefi/secureboot.go:99.2,99.12 1 1
github.com/go-filesystems/uefi/secureboot.go:103.81,110.17 2 1
github.com/go-filesystems/uefi/secureboot.go:110.17,112.3 1 1
github.com/go-filesystems/uefi/secureboot.go:113.2,113.12 1 1
github.com/go-filesystems/uefi/uefi.go:94.39,96.16 2 1
github.com/go-filesystems/uefi/uefi.go:96.16,98.3 1 1
github.com/go-filesystems/uefi/uefi.go:99.2,100.16 2 1
github.com/go-filesystems/uefi/uefi.go:100.16,102.3 1 1
github.com/go-filesystems/uefi/uefi.go:103.2,103.44 1 1
github.com/go-filesystems/uefi/uefi.go:107.31,109.2 1 1
github.com/go-filesystems/uefi/uefi.go:112.35,116.2 3 1
github.com/go-filesystems/uefi/uefi.go:119.63,120.27 1 1
github.com/go-filesystems/uefi/uefi.go:120.27,121.39 1 1
github.com/go-filesystems/uefi/uefi.go:121.39,123.4 1 1
github.com/go-filesystems/uefi/uefi.go:125.2,125.68 1 1
github.com/go-filesystems/uefi/uefi.go:129.39,131.34 2 1
github.com/go-filesystems/uefi/uefi.go:131.34,132.57 1 1
github.com/go-filesystems/uefi/uefi.go:132.57,133.12 1 1
github.com/go-filesystems/uefi/uefi.go:135.3,135.38 1 1
github.com/go-filesystems/uefi/uefi.go:137.2,138.25 2 1
github.com/go-filesystems/uefi/uefi.go:142.54,145.34 3 1
github.com/go-filesystems/uefi/uefi.go:145.34,146.53 1 1
github.com/go-filesystems/uefi/uefi.go:146.53,148.12 2 1
github.com/go-filesystems/uefi/uefi.go:150.3,150.38 1 1
github.com/go-filesystems/uefi/uefi.go:152.2,152.12 1 1
github.com/go-filesystems/uefi/uefi.go:152.12,154.3 1 1
github.com/go-filesystems/uefi/uefi.go:155.2,155.25 1 1
github.com/go-filesystems/uefi/uefi.go:159.46,161.16 2 1
github.com/go-filesystems/uefi/uefi.go:161.16,163.3 1 1
github.com/go-filesystems/uefi/uefi.go:164.2,164.33 1 1
github.com/go-filesystems/uefi/uefi.go:164.33,166.3 1 1
github.com/go-filesystems/uefi/uefi.go:167.2,170.16 4 1
github.com/go-filesystems/uefi/uefi.go:170.16,172.3 1 1
github.com/go-filesystems/uefi/uefi.go:173.2,174.41 2 1
github.com/go-filesystems/uefi/uefi.go:178.80,179.62 1 1
github.com/go-filesystems/uefi/uefi.go:179.62,181.3 1 1
github.com/go-filesystems/uefi/uefi.go:182.2,184.52 3 1
github.com/go-filesystems/uefi/uefi.go:184.52,186.3 1 1
github.com/go-filesystems/uefi/uefi.go:187.2,188.17 2 1
github.com/go-filesystems/uefi/uefi.go:192.54,193.50 1 1
github.com/go-filesystems/uefi/uefi.go:193.50,195.3 1 1
github.com/go-filesystems/uefi/uefi.go:196.2,197.35 2 1
github.com/go-filesystems/uefi/uefi.go:197.35,199.3 1 1
github.com/go-filesystems/uefi/uefi.go:200.2,202.45 3 1
github.com/go-filesystems/uefi/uefi.go:202.45,204.17 2 1
github.com/go-filesystems/uefi/uefi.go:204.17,205.9 1 1
github.com/go-filesystems/uefi/uefi.go:207.3,207.15 1 1
github.com/go-filesystems/uefi/uefi.go:207.15,209.4 1 1
github.com/go-filesystems/uefi/uefi.go:210.3,210.13 1 1
github.com/go-filesystems/uefi/uefi.go:212.2,212.18 1 1
github.com/go-filesystems/uefi/uefi.go:216.45,217.33 1 1
github.com/go-filesystems/uefi/uefi.go:217.33,219.3 1 1
github.com/go-filesystems/uefi/uefi.go:220.2,222.67 3 1
github.com/go-filesystems/uefi/uefi.go:222.67,224.3 1 1
github.com/go-filesystems/uefi/uefi.go:225.2,225.32 1 1
github.com/go-filesystems/uefi/uefi.go:225.32,227.3 1 1
github.com/go-filesystems/uefi/uefi.go:228.2,228.30 1 1
github.com/go-filesystems/uefi/uefi.go:228.30,230.3 1 1
github.com/go-filesystems/uefi/uefi.go:231.2,231.12 1 1
github.com/go-filesystems/uefi/uefi.go:236.86,237.65 1 1
github.com/go-filesystems/uefi/uefi.go:237.65,239.3 1 1
github.com/go-filesystems/uefi/uefi.go:240.2,251.22 10 1
github.com/go-filesystems/uefi/uefi.go:251.22,253.3 1 1
github.com/go-filesystems/uefi/uefi.go:254.2,254.23 1 1
github.com/go-filesystems/uefi/uefi.go:254.23,256.3 1 1
github.com/go-filesystems/uefi/uefi.go:257.2,258.16 2 1
github.com/go-filesystems/uefi/uefi.go:258.16,260.3 1 1
github.com/go-filesystems/uefi/uefi.go:261.2,263.99 3 1
github.com/go-filesystems/uefi/uefi.go:267.44,269.25 2 1
github.com/go-filesystems/uefi/uefi.go:269.25,271.3 1 1
github.com/go-filesystems/uefi/uefi.go:272.2,272.12 1 1
github.com/go-filesystems/uefi/uefi.go:276.40,300.2 20 1
github.com/go-filesystems/uefi/uefi.go:303.31,305.2 1 1
github.com/go-filesystems/uefi/uefi.go:308.32,311.2 2 1
github.com/go-filesystems/uefi/uefi.go:314.46,315.19 1 1
github.com/go-filesystems/uefi/uefi.go:315.19,317.3 1 1
github.com/go-filesystems/uefi/uefi.go:318.2,319.21 2 1
github.com/go-filesystems/uefi/uefi.go:319.21,321.3 1 1
github.com/go-filesystems/uefi/uefi.go:322.2,322.42 1 1
github.com/go-filesystems/uefi/uefi.go:322.42,324.3 1 1
github.com/go-filesystems/uefi/uefi.go:325.2,325.39 1 1
github.com/go-filesystems/uefi/uefi.go:329.37,333.24 4 1
github.com/go-filesystems/uefi/uefi.go:333.24,335.3 1 1
github.com/go-filesystems/uefi/uefi.go:336.2,336.10 1 1
